<?xml version="1.0" encoding="UTF-8"?>
<!-- Generated by org.testng.reporters.JUnitReportReporter -->
<testsuite hostname="DESKTOP-HV678ES" name="com.selenium.facebook.testcases.LoginTest" tests="1" failures="0" timestamp="30 Apr 2019 12:13:34 GMT" time="26.003" errors="0">
  <testcase name="doLogin" time="26.003" classname="com.selenium.facebook.testcases.LoginTest"/>
</testsuite> <!-- com.selenium.facebook.testcases.LoginTest -->
