<?xml version="1.0" encoding="UTF-8"?>
<!-- Generated by org.testng.reporters.JUnitReportReporter -->
<testsuite hostname="DESKTOP-HV678ES" name="com.selenium.facebook.testcases.LoginTest" tests="2" failures="0" timestamp="2 May 2019 07:36:40 GMT" time="43.696" errors="0">
  <testcase name="setupLogin" time="27.455" classname="com.selenium.facebook.testcases.LoginTest"/>
  <testcase name="setupLogin" time="16.241" classname="com.selenium.facebook.testcases.LoginTest"/>
</testsuite> <!-- com.selenium.facebook.testcases.LoginTest -->
